Arguments: 
  C:\Program Files\nodejs\node.exe C:\Users\Jee\AppData\Roaming\npm\node_modules\yarn\bin\yarn.js add Swiper

PATH: 
  C:\Users\Jee\bin;C:\Program Files\Git\mingw64\bin;C:\Program Files\Git\usr\local\bin;C:\Program Files\Git\usr\bin;C:\Program Files\Git\usr\bin;C:\Program Files\Git\mingw64\bin;C:\Program Files\Git\usr\bin;C:\Users\Jee\bin;C:\Program Files\Eclipse Adoptium\jdk-17.0.8.7-hotspot\bin;C:\Windows\system32;C:\Windows;C:\Windows\System32\Wbem;C:\Windows\System32\WindowsPowerShell\v1.0;C:\Windows\System32\OpenSSH;C:\Program Files (x86)\NVIDIA Corporation\PhysX\Common;C:\Program Files\NVIDIA Corporation\NVIDIA NvDLISR;C:\MinGW\bin;C:\Program Files\Git\cmd;C:\Program Files\nodejs;C:\Users\Jee\AppData\Local\Microsoft\WindowsApps;C:\Users\Jee\AppData\Local\Programs\Microsoft VS Code\bin;C:\Users\Jee\AppData\Roaming\npm;C:\Program Files\JetBrains\IntelliJ IDEA 2023.2.1\bin;C:\Program Files\Git\usr\bin\vendor_perl;C:\Program Files\Git\usr\bin\core_perl

Yarn version: 
  1.22.19

Node version: 
  18.17.1

Platform: 
  win32 x64

Trace: 
  Error: https://registry.yarnpkg.com/Swiper: Not found
      at params.callback [as _callback] (C:\Users\Jee\AppData\Roaming\npm\node_modules\yarn\lib\cli.js:66145:18)
      at self.callback (C:\Users\Jee\AppData\Roaming\npm\node_modules\yarn\lib\cli.js:140890:22)
      at Request.emit (node:events:514:28)
      at Request.<anonymous> (C:\Users\Jee\AppData\Roaming\npm\node_modules\yarn\lib\cli.js:141862:10)
      at Request.emit (node:events:514:28)
      at IncomingMessage.<anonymous> (C:\Users\Jee\AppData\Roaming\npm\node_modules\yarn\lib\cli.js:141784:12)
      at Object.onceWrapper (node:events:628:28)
      at IncomingMessage.emit (node:events:526:35)
      at endReadableNT (node:internal/streams/readable:1359:12)
      at process.processTicksAndRejections (node:internal/process/task_queues:82:21)

npm manifest: 
  No manifest

yarn manifest: 
  No manifest

Lockfile: 
  No lockfile
